INFO  2013-07-24 13:34:27,753 [4] stleLogCallInterceptor - Start call service method: IServiceProvider.AddDataTest
INFO  2013-07-24 13:35:04,863 [4] stleLogCallInterceptor - Start call service method: IServiceProvider.AddDataTest
INFO  2013-07-24 13:44:13,984 [10] stleLogCallInterceptor - Start call service method: IServiceProvider.AddDataTest
INFO  2013-07-24 13:44:19,798 [10] stleLogCallInterceptor - Start call service method: IServiceProvider.AddDataTest
INFO  2013-07-24 13:44:39,618 [10] stleLogCallInterceptor - Start call service method: IServiceProvider.AddDataTest
INFO  2013-07-24 13:45:23,822 [10] stleLogCallInterceptor - Start call service method: IServiceProvider.AccountService
INFO  2013-07-24 13:45:23,857 [10] stleLogCallInterceptor - End call service method: IServiceProvider.AccountService. It takes: 35 millisecond
INFO  2013-07-24 13:45:35,527 [10] stleLogCallInterceptor - Start call service method: IServiceProvider.AccountService
INFO  2013-07-24 13:45:35,528 [10] stleLogCallInterceptor - End call service method: IServiceProvider.AccountService. It takes: 0 millisecond
INFO  2013-07-24 13:45:41,225 [10] stleLogCallInterceptor - Start call service method: IServiceProvider.AccountService
INFO  2013-07-24 13:45:41,225 [10] stleLogCallInterceptor - End call service method: IServiceProvider.AccountService. It takes: 0 millisecond
INFO  2013-07-24 13:45:41,848 [10] stleLogCallInterceptor - Start call service method: IServiceProvider.AccountService
INFO  2013-07-24 13:45:41,848 [10] stleLogCallInterceptor - End call service method: IServiceProvider.AccountService. It takes: 0 millisecond
INFO  2013-07-24 13:45:42,172 [10] stleLogCallInterceptor - Start call service method: IServiceProvider.AccountService
INFO  2013-07-24 13:45:42,172 [10] stleLogCallInterceptor - End call service method: IServiceProvider.AccountService. It takes: 0 millisecond
INFO  2013-07-24 13:45:58,472 [10] stleLogCallInterceptor - Start call service method: IServiceProvider.AddDataTest
INFO  2013-07-24 14:26:26,024 [27] stleLogCallInterceptor - Start call service method: IServiceProvider.AccountService
WARN  2013-07-24 14:26:28,918 [27] stleLogCallInterceptor - Process for service method [IServiceProvider.AccountService] take: [2483 ms], it is exceed 2s
INFO  2013-07-24 14:26:28,918 [27] stleLogCallInterceptor - End call service method: IServiceProvider.AccountService. It takes: 2483 millisecond
INFO  2013-07-24 14:27:22,626 [27] stleLogCallInterceptor - Start call service method: IServiceProvider.GetService
WARN  2013-07-24 14:27:27,593 [27] stleLogCallInterceptor - Process for service method [IServiceProvider.GetService] take: [3825 ms], it is exceed 2s
INFO  2013-07-24 14:27:27,594 [27] stleLogCallInterceptor - End call service method: IServiceProvider.GetService. It takes: 3825 millisecond
INFO  2013-07-24 14:29:42,088 [27] stleLogCallInterceptor - Start call service method: IServiceProvider.AddDataTest
INFO  2013-07-24 14:30:56,498 [27] stleLogCallInterceptor - Start call service method: IServiceProvider.AddDataTest
INFO  2013-07-24 14:33:59,224 [5] stleLogCallInterceptor - Start call service method: IServiceProvider.AddDataTest
INFO  2013-07-24 14:37:04,848 [5] stleLogCallInterceptor - Start call service method: IServiceProvider.AddDataTest
INFO  2013-07-24 15:23:50,226 [5] stleLogCallInterceptor - Start call service method: IServiceProvider.ExecA
WARN  2013-07-24 15:23:54,601 [5] stleLogCallInterceptor - Process for service method [IServiceProvider.ExecA] take: [2068 ms], it is exceed 2s
INFO  2013-07-24 15:23:55,376 [5] stleLogCallInterceptor - End call service method: IServiceProvider.ExecA. It takes: 2068 millisecond
INFO  2013-07-24 15:24:14,644 [6] stleLogCallInterceptor - Start call service method: IServiceProvider.ExecA
INFO  2013-07-24 15:24:14,644 [6] stleLogCallInterceptor - End call service method: IServiceProvider.ExecA. It takes: 0 millisecond
INFO  2013-07-24 16:18:58,744 [42] stleLogCallInterceptor - Start call service method: IServiceProvider.ExecSum
INFO  2013-07-24 16:31:00,769 [44] stleLogCallInterceptor - Start call service method: IServiceProvider.ExecSum
INFO  2013-07-24 16:31:50,883 [44] stleLogCallInterceptor - Start call service method: IServiceProvider.ExecSum
INFO  2013-07-24 16:37:06,105 [39] stleLogCallInterceptor - Start call service method: IServiceProvider.ExecSum
INFO  2013-07-24 16:38:15,634 [5] stleLogCallInterceptor - Start call service method: IServiceProvider.ExecSum
INFO  2013-07-24 16:44:11,930 [11] stleLogCallInterceptor - Start call service method: IServiceProvider.ExecSum
INFO  2013-07-24 16:44:14,975 [11] stleLogCallInterceptor - Start call service method: IServiceProvider.ExecSum
WARN  2013-07-24 16:44:19,327 [11] stleLogCallInterceptor - Process for service method [IServiceProvider.ExecSum] take: [3978 ms], it is exceed 2s
INFO  2013-07-24 16:44:19,328 [11] stleLogCallInterceptor - End call service method: IServiceProvider.ExecSum. It takes: 3978 millisecond
WARN  2013-07-24 16:44:19,328 [11] stleLogCallInterceptor - Process for service method [IServiceProvider.ExecSum] take: [7009 ms], it is exceed 2s
INFO  2013-07-24 16:44:19,328 [11] stleLogCallInterceptor - End call service method: IServiceProvider.ExecSum. It takes: 7009 millisecond
INFO  2013-07-24 16:51:24,379 [12] stleLogCallInterceptor - Start call service method: IServiceProvider.ExecSum
INFO  2013-07-24 16:51:34,736 [12] stleLogCallInterceptor - Start call service method: IServiceProvider.ExecSum
WARN  2013-07-24 16:51:58,098 [12] stleLogCallInterceptor - Process for service method [IServiceProvider.ExecSum] take: [22676 ms], it is exceed 2s
INFO  2013-07-24 16:51:58,098 [12] stleLogCallInterceptor - End call service method: IServiceProvider.ExecSum. It takes: 22676 millisecond
WARN  2013-07-24 16:51:58,098 [12] stleLogCallInterceptor - Process for service method [IServiceProvider.ExecSum] take: [32861 ms], it is exceed 2s
INFO  2013-07-24 16:51:58,098 [12] stleLogCallInterceptor - End call service method: IServiceProvider.ExecSum. It takes: 32861 millisecond
INFO  2013-07-24 16:52:14,353 [12] stleLogCallInterceptor - Start call service method: IServiceProvider.AddDataTest
INFO  2013-07-24 16:52:25,899 [12] stleLogCallInterceptor - Start call service method: IServiceProvider.AddDataTest
INFO  2013-07-24 16:52:27,543 [12] stleLogCallInterceptor - End call service method: IServiceProvider.AddDataTest. It takes: 471 millisecond
WARN  2013-07-24 16:52:29,269 [12] stleLogCallInterceptor - Process for service method [IServiceProvider.AddDataTest] take: [13901 ms], it is exceed 2s
INFO  2013-07-24 16:52:29,269 [12] stleLogCallInterceptor - End call service method: IServiceProvider.AddDataTest. It takes: 13901 millisecond
INFO  2013-07-24 16:52:31,200 [12] stleLogCallInterceptor - Start call service method: IServiceProvider.TestData
INFO  2013-07-24 16:52:31,200 [12] stleLogCallInterceptor - End call service method: IServiceProvider.TestData. It takes: 0 millisecond
INFO  2013-07-24 16:52:31,200 [12] stleLogCallInterceptor - Start call service method: IServiceProvider.GetService
INFO  2013-07-24 16:52:31,591 [12] stleLogCallInterceptor - End call service method: IServiceProvider.GetService. It takes: 391 millisecond
INFO  2013-07-24 16:55:45,593 [14] stleLogCallInterceptor - Start call service method: IServiceProvider.ExecSum
INFO  2013-07-25 08:52:50,830 [5] stleLogCallInterceptor - Start call service method: IServiceProvider.ExecSum
INFO  2013-07-25 08:53:47,685 [5] stleLogCallInterceptor - Start call service method: IServiceProvider.ExecSum
WARN  2013-07-25 08:53:52,920 [5] stleLogCallInterceptor - Process for service method [IServiceProvider.ExecSum] take: [4798 ms], it is exceed 2s
INFO  2013-07-25 08:53:52,921 [5] stleLogCallInterceptor - End call service method: IServiceProvider.ExecSum. It takes: 4798 millisecond
INFO  2013-07-25 08:53:56,337 [5] stleLogCallInterceptor - Start call service method: IServiceProvider.AddDataTest
WARN  2013-07-25 08:54:01,027 [5] stleLogCallInterceptor - Process for service method [IServiceProvider.AddDataTest] take: [2472 ms], it is exceed 2s
INFO  2013-07-25 08:54:01,645 [5] stleLogCallInterceptor - End call service method: IServiceProvider.AddDataTest. It takes: 2472 millisecond
INFO  2013-07-25 10:20:21,604 [12] stleLogCallInterceptor - Start call service method: IServiceProvider.ExecSum
INFO  2013-07-25 10:20:21,623 [12] stleLogCallInterceptor - End call service method: IServiceProvider.ExecSum. It takes: 0 millisecond
INFO  2013-07-25 10:20:25,402 [12] stleLogCallInterceptor - Start call service method: IServiceProvider.AddDataTest
INFO  2013-07-25 10:20:25,403 [12] stleLogCallInterceptor - End call service method: IServiceProvider.AddDataTest. It takes: 0 millisecond
INFO  2013-07-25 10:27:00,511 [16] stleLogCallInterceptor - Start call service method: IServiceProvider.ExecSum
INFO  2013-07-25 10:27:00,525 [16] stleLogCallInterceptor - End call service method: IServiceProvider.ExecSum. It takes: 0 millisecond
INFO  2013-07-25 10:27:03,223 [16] stleLogCallInterceptor - Start call service method: IServiceProvider.AddDataTest
INFO  2013-07-25 10:27:03,224 [16] stleLogCallInterceptor - End call service method: IServiceProvider.AddDataTest. It takes: 0 millisecond
INFO  2013-07-26 09:28:37,740 [21] stleLogCallInterceptor - Start call service method: IAccountService.GetAllAccountInfo
WARN  2013-07-26 09:28:43,113 [21] stleLogCallInterceptor - Process for service method [IAccountService.GetAllAccountInfo] take: [3089 ms], it is exceed 2s
INFO  2013-07-26 09:28:43,113 [21] stleLogCallInterceptor - End call service method: IAccountService.GetAllAccountInfo. It takes: 3089 millisecond
INFO  2013-07-26 09:29:13,248 [23] stleLogCallInterceptor - Start call service method: IAccountService.GetAllAccountInfo
INFO  2013-07-26 09:29:15,654 [23] stleLogCallInterceptor - End call service method: IAccountService.GetAllAccountInfo. It takes: 1694 millisecond
INFO  2013-07-26 09:29:36,274 [21] stleLogCallInterceptor - Start call service method: IAccountService.GetAllAccountInfo
WARN  2013-07-26 09:29:44,601 [21] stleLogCallInterceptor - Process for service method [IAccountService.GetAllAccountInfo] take: [8318 ms], it is exceed 2s
INFO  2013-07-26 09:29:44,601 [21] stleLogCallInterceptor - End call service method: IAccountService.GetAllAccountInfo. It takes: 8318 millisecond
INFO  2013-07-26 10:00:10,533 [22] stleLogCallInterceptor - Start call service method: IAccountService.GetAllAccountInfo
INFO  2013-07-26 10:22:42,466 [10] stleLogCallInterceptor - Start call service method: IAccountService.GetAllAccountInfo
INFO  2013-07-26 10:22:44,976 [10] stleLogCallInterceptor - End call service method: IAccountService.GetAllAccountInfo. It takes: 1959 millisecond
INFO  2013-07-26 11:12:32,227 [20] stleLogCallInterceptor - Start call service method: IAccountService.GetAllAccountInfo
WARN  2013-07-26 11:12:51,695 [20] stleLogCallInterceptor - Process for service method [IAccountService.GetAllAccountInfo] take: [18059 ms], it is exceed 2s
INFO  2013-07-26 11:12:52,479 [20] stleLogCallInterceptor - End call service method: IAccountService.GetAllAccountInfo. It takes: 18059 millisecond
INFO  2013-07-26 14:07:23,895 [10] stleLogCallInterceptor - Start call service method: IAccountService.GetAllAccountInfo
WARN  2013-07-26 14:07:39,531 [10] stleLogCallInterceptor - Process for service method [IAccountService.GetAllAccountInfo] take: [14407 ms], it is exceed 2s
INFO  2013-07-26 14:07:39,531 [10] stleLogCallInterceptor - End call service method: IAccountService.GetAllAccountInfo. It takes: 14407 millisecond
INFO  2013-07-29 08:43:03,486 [5] stleLogCallInterceptor - Start call service method: IAccountService.GetAllAccountInfo
INFO  2013-07-29 08:43:04,810 [5] stleLogCallInterceptor - End call service method: IAccountService.GetAllAccountInfo. It takes: 1288 millisecond
INFO  2013-07-30 09:57:36,725 [5] AutofacBootstrapper    - /n
INFO  2013-07-30 09:57:36,747 [5] AutofacBootstrapper    - /******** Application starts : 07/30/2013 09:57:36*********/
INFO  2013-07-30 09:57:36,768 [5] AutofacBootstrapper    - *** Star register services ***
INFO  2013-07-30 09:57:36,789 [5] AutofacBootstrapper    - *** Register services was completed ***
INFO  2013-07-30 09:57:36,803 [5] AutofacBootstrapper    - *** Star register View Model and Controller ***
INFO  2013-07-30 09:57:36,805 [5] AutofacBootstrapper    - --- Register AccountController
INFO  2013-07-30 09:57:36,807 [5] AutofacBootstrapper    - --- Register HomeController
INFO  2013-07-30 09:57:36,807 [5] AutofacBootstrapper    - --- Register HomeVMBuilder
INFO  2013-07-30 09:57:36,807 [5] AutofacBootstrapper    - --- Register HomeVMPersistence
INFO  2013-07-30 09:57:36,808 [5] AutofacBootstrapper    - *** Register View Model and Controller was completed ***
INFO  2013-07-30 09:57:36,862 [5] AutofacBootstrapper    - /******** Application started sucessfully: 07/30/2013 09:57:36 *********/
INFO  2013-07-30 09:57:50,088 [5] stleLogCallInterceptor - Start call service method: IAccountService.GetAllAccountInfo
INFO  2013-07-30 09:57:51,661 [5] stleLogCallInterceptor - End call service method: IAccountService.GetAllAccountInfo. It takes: 1572 millisecond
INFO  2013-07-30 10:26:29,533 [28] AutofacBootstrapper    - 

INFO  2013-07-30 10:26:29,541 [28] AutofacBootstrapper    - /******** Application starts : 07/30/2013 10:26:29*********/
INFO  2013-07-30 10:26:29,549 [28] AutofacBootstrapper    - *** Star register services ***
INFO  2013-07-30 10:26:29,565 [28] AutofacBootstrapper    - *** Register services was completed ***
INFO  2013-07-30 10:26:29,565 [28] AutofacBootstrapper    - *** Star register View Model and Controller ***
INFO  2013-07-30 10:26:29,566 [28] AutofacBootstrapper    - --- Register AccountController
INFO  2013-07-30 10:26:29,568 [28] AutofacBootstrapper    - --- Register HomeController
INFO  2013-07-30 10:26:29,568 [28] AutofacBootstrapper    - --- Register HomeVMBuilder
INFO  2013-07-30 10:26:29,569 [28] AutofacBootstrapper    - --- Register HomeVMPersistence
INFO  2013-07-30 10:26:29,569 [28] AutofacBootstrapper    - *** Register View Model and Controller was completed ***
INFO  2013-07-30 10:26:29,591 [28] AutofacBootstrapper    - /******** Application started sucessfully: 07/30/2013 10:26:29 *********/
INFO  2013-07-30 10:26:29,928 [28] stleLogCallInterceptor - Start call service method: IAccountService.GetAllAccountInfo
INFO  2013-07-30 10:26:30,229 [28] stleLogCallInterceptor - End call service method: IAccountService.GetAllAccountInfo. It takes: 301 millisecond
INFO  2013-07-30 11:11:23,759 [33] AutofacBootstrapper    - /******** Application starts *********/
INFO  2013-07-30 11:11:23,774 [33] AutofacBootstrapper    - *** Star register services ***
INFO  2013-07-30 11:16:15,401 [33] AutofacBootstrapper    - /******** Application starts *********/
INFO  2013-07-30 11:16:15,443 [33] AutofacBootstrapper    - *** Star register services ***
INFO  2013-07-30 11:17:52,062 [33] AutofacBootstrapper    - *** Register services was completed ***
INFO  2013-07-30 11:17:52,062 [33] AutofacBootstrapper    - *** Star register View Model and Controller ***
INFO  2013-07-30 11:17:52,064 [33] AutofacBootstrapper    - --- Register AccountController
INFO  2013-07-30 11:17:52,067 [33] AutofacBootstrapper    - --- Register HomeController
INFO  2013-07-30 11:17:52,067 [33] AutofacBootstrapper    - --- Register HomeVMBuilder
INFO  2013-07-30 11:17:52,067 [33] AutofacBootstrapper    - --- Register HomeVMPersistence
INFO  2013-07-30 11:17:52,067 [33] AutofacBootstrapper    - *** Register View Model and Controller was completed ***
INFO  2013-07-30 11:17:52,185 [33] AutofacBootstrapper    - /******** Application started sucessfully *********/
INFO  2013-07-30 11:17:53,019 [33] stleLogCallInterceptor - Start call service method: IAccountService.GetAllAccountInfo
INFO  2013-07-30 11:17:53,141 [33] stleLogCallInterceptor - End call service method: IAccountService.GetAllAccountInfo. It takes: 121 millisecond
INFO  2013-07-30 13:06:01,654 [54] AutofacBootstrapper    - /******** Application starts *********/
INFO  2013-07-30 13:06:01,670 [54] AutofacBootstrapper    - *** Star register services ***
INFO  2013-07-30 13:06:35,708 [54] AutofacBootstrapper    - *** Register services was completed ***
INFO  2013-07-30 13:06:35,709 [54] AutofacBootstrapper    - *** Star register View Model and Controller ***
INFO  2013-07-30 13:06:35,710 [54] AutofacBootstrapper    - --- Register AccountController
INFO  2013-07-30 13:06:35,717 [54] AutofacBootstrapper    - --- Register HomeController
INFO  2013-07-30 13:06:35,717 [54] AutofacBootstrapper    - --- Register HomeVMBuilder
INFO  2013-07-30 13:06:35,718 [54] AutofacBootstrapper    - --- Register HomeVMPersistence
INFO  2013-07-30 13:06:35,719 [54] AutofacBootstrapper    - *** Register View Model and Controller was completed ***
INFO  2013-07-30 13:06:35,740 [54] AutofacBootstrapper    - /******** Application started sucessfully *********/
INFO  2013-07-30 13:08:47,987 [54] AutofacBootstrapper    - /******** Application starts *********/
INFO  2013-07-30 13:08:48,003 [54] AutofacBootstrapper    - *** Star register services ***
INFO  2013-07-30 13:10:04,458 [5] AutofacBootstrapper    - /******** Application starts *********/
INFO  2013-07-30 13:10:04,467 [5] AutofacBootstrapper    - *** Star register services ***
INFO  2013-07-30 13:11:20,249 [5] AutofacBootstrapper    - *** Register services was completed ***
INFO  2013-07-30 13:11:20,250 [5] AutofacBootstrapper    - *** Star register View Model and Controller ***
INFO  2013-07-30 13:11:20,251 [5] AutofacBootstrapper    - --- Register AccountController
INFO  2013-07-30 13:11:20,258 [5] AutofacBootstrapper    - --- Register HomeController
INFO  2013-07-30 13:11:20,258 [5] AutofacBootstrapper    - --- Register HomeVMBuilder
INFO  2013-07-30 13:11:20,258 [5] AutofacBootstrapper    - --- Register HomeVMPersistence
INFO  2013-07-30 13:11:20,286 [5] AutofacBootstrapper    - *** Register View Model and Controller was completed ***
INFO  2013-07-30 13:11:20,324 [5] AutofacBootstrapper    - /******** Application started sucessfully *********/
INFO  2013-07-30 13:19:45,949 [13] AutofacBootstrapper    - /******** Application starts *********/
INFO  2013-07-30 13:19:45,964 [13] AutofacBootstrapper    - *** Star register services ***
INFO  2013-07-30 13:20:55,461 [13] AutofacBootstrapper    - *** Register services was completed ***
INFO  2013-07-30 13:20:55,462 [13] AutofacBootstrapper    - *** Star register View Model and Controller ***
INFO  2013-07-30 13:20:55,463 [13] AutofacBootstrapper    - --- Register AccountController
INFO  2013-07-30 13:20:55,470 [13] AutofacBootstrapper    - --- Register HomeController
INFO  2013-07-30 13:20:55,470 [13] AutofacBootstrapper    - --- Register HomeVMBuilder
INFO  2013-07-30 13:20:55,471 [13] AutofacBootstrapper    - --- Register HomeVMPersistence
INFO  2013-07-30 13:20:55,471 [13] AutofacBootstrapper    - *** Register View Model and Controller was completed ***
INFO  2013-07-30 13:20:55,492 [13] AutofacBootstrapper    - /******** Application started sucessfully *********/
INFO  2013-07-30 13:21:11,860 [13] AutofacBootstrapper    - /******** Application starts *********/
INFO  2013-07-30 13:21:11,875 [13] AutofacBootstrapper    - *** Star register services ***
INFO  2013-07-30 13:22:09,959 [13] AutofacBootstrapper    - /******** Application starts *********/
INFO  2013-07-30 13:22:09,973 [13] AutofacBootstrapper    - *** Star register services ***
INFO  2013-07-30 13:22:59,152 [13] AutofacBootstrapper    - *** Register services was completed ***
INFO  2013-07-30 13:22:59,153 [13] AutofacBootstrapper    - *** Star register View Model and Controller ***
INFO  2013-07-30 13:22:59,155 [13] AutofacBootstrapper    - --- Register AccountController
INFO  2013-07-30 13:22:59,162 [13] AutofacBootstrapper    - --- Register HomeController
INFO  2013-07-30 13:22:59,162 [13] AutofacBootstrapper    - --- Register HomeVMBuilder
INFO  2013-07-30 13:22:59,162 [13] AutofacBootstrapper    - --- Register HomeVMPersistence
INFO  2013-07-30 13:22:59,163 [13] AutofacBootstrapper    - *** Register View Model and Controller was completed ***
INFO  2013-07-30 13:22:59,184 [13] AutofacBootstrapper    - /******** Application started sucessfully *********/
INFO  2013-07-30 13:28:09,322 [6] AutofacBootstrapper    - /******** Application starts *********/
INFO  2013-07-30 13:28:09,337 [6] AutofacBootstrapper    - *** Star register services ***
INFO  2013-07-30 13:28:21,756 [6] AutofacBootstrapper    - *** Register services was completed ***
INFO  2013-07-30 13:28:21,757 [6] AutofacBootstrapper    - *** Star register View Model and Controller ***
INFO  2013-07-30 13:28:21,759 [6] AutofacBootstrapper    - --- Register AccountController
INFO  2013-07-30 13:28:21,765 [6] AutofacBootstrapper    - --- Register HomeController
INFO  2013-07-30 13:28:21,765 [6] AutofacBootstrapper    - --- Register HomeVMBuilder
INFO  2013-07-30 13:28:21,766 [6] AutofacBootstrapper    - --- Register HomeVMPersistence
INFO  2013-07-30 13:28:21,766 [6] AutofacBootstrapper    - *** Register View Model and Controller was completed ***
INFO  2013-07-30 13:28:21,787 [6] AutofacBootstrapper    - /******** Application started sucessfully *********/
INFO  2013-07-30 13:29:06,574 [18] AutofacBootstrapper    - /******** Application starts *********/
INFO  2013-07-30 13:29:06,589 [18] AutofacBootstrapper    - *** Star register services ***
INFO  2013-07-30 13:31:52,137 [18] AutofacBootstrapper    - *** Register services was completed ***
INFO  2013-07-30 13:31:52,138 [18] AutofacBootstrapper    - *** Star register View Model and Controller ***
INFO  2013-07-30 13:31:52,139 [18] AutofacBootstrapper    - --- Register AccountController
INFO  2013-07-30 13:31:52,146 [18] AutofacBootstrapper    - --- Register HomeController
INFO  2013-07-30 13:31:52,146 [18] AutofacBootstrapper    - --- Register HomeVMBuilder
INFO  2013-07-30 13:31:52,147 [18] AutofacBootstrapper    - --- Register HomeVMPersistence
INFO  2013-07-30 13:31:52,147 [18] AutofacBootstrapper    - *** Register View Model and Controller was completed ***
INFO  2013-07-30 13:31:52,168 [18] AutofacBootstrapper    - /******** Application started sucessfully *********/
INFO  2013-07-30 13:36:13,921 [19] AutofacBootstrapper    - /******** Application starts *********/
INFO  2013-07-30 13:36:13,937 [19] AutofacBootstrapper    - *** Star register services ***
INFO  2013-07-30 13:36:45,515 [19] AutofacBootstrapper    - --- Register IAccountService
INFO  2013-07-30 13:36:49,572 [19] AutofacBootstrapper    - *** Register services was completed ***
INFO  2013-07-30 13:36:49,573 [19] AutofacBootstrapper    - *** Star register View Model and Controller ***
INFO  2013-07-30 13:36:49,574 [19] AutofacBootstrapper    - --- Register AccountController
INFO  2013-07-30 13:36:49,577 [19] AutofacBootstrapper    - --- Register HomeController
INFO  2013-07-30 13:36:49,577 [19] AutofacBootstrapper    - --- Register HomeVMBuilder
INFO  2013-07-30 13:36:49,577 [19] AutofacBootstrapper    - --- Register HomeVMPersistence
INFO  2013-07-30 13:36:49,577 [19] AutofacBootstrapper    - *** Register View Model and Controller was completed ***
INFO  2013-07-30 13:36:49,599 [19] AutofacBootstrapper    - /******** Application started sucessfully *********/
INFO  2013-07-30 13:36:50,226 [19] stleLogCallInterceptor - Start call service method: IAccountService.GetAllAccountInfo
WARN  2013-07-30 13:36:54,085 [19] stleLogCallInterceptor - Process for service method [IAccountService.GetAllAccountInfo] take: [3858 ms], it is exceed 2s
INFO  2013-07-30 13:36:54,086 [19] stleLogCallInterceptor - End call service method: IAccountService.GetAllAccountInfo. It takes: 3858 millisecond
INFO  2013-07-30 14:01:46,495 [32] AutofacBootstrapper    - /******** Application starts *********/
INFO  2013-07-30 14:01:46,509 [32] AutofacBootstrapper    - *** Star register services ***
INFO  2013-07-30 14:05:10,039 [32] AutofacBootstrapper    - --- Register IAccountService
INFO  2013-07-30 14:05:10,056 [32] AutofacBootstrapper    - *** Register services was completed ***
INFO  2013-07-30 14:05:10,057 [32] AutofacBootstrapper    - *** Star register View Model and Controller ***
INFO  2013-07-30 14:05:10,058 [32] AutofacBootstrapper    - --- Register AccountController
INFO  2013-07-30 14:05:10,059 [32] AutofacBootstrapper    - --- Register HomeController
INFO  2013-07-30 14:05:10,059 [32] AutofacBootstrapper    - --- Register HomeVMBuilder
INFO  2013-07-30 14:05:10,060 [32] AutofacBootstrapper    - --- Register HomeVMPersistence
INFO  2013-07-30 14:05:10,060 [32] AutofacBootstrapper    - *** Register View Model and Controller was completed ***
INFO  2013-07-30 14:05:10,082 [32] AutofacBootstrapper    - /******** Application started sucessfully *********/
INFO  2013-07-30 14:05:10,362 [32] stleLogCallInterceptor - Start call service method: IAccountService.GetAllAccountInfo
INFO  2013-07-30 14:05:10,397 [32] stleLogCallInterceptor - End call service method: IAccountService.GetAllAccountInfo. It takes: 34 millisecond
INFO  2013-07-30 14:09:23,482 [33] AutofacBootstrapper    - /******** Application starts *********/
INFO  2013-07-30 14:09:23,496 [33] AutofacBootstrapper    - *** Star register services ***
INFO  2013-07-30 14:09:23,509 [33] AutofacBootstrapper    - *** Register services was completed ***
INFO  2013-07-30 14:09:23,510 [33] AutofacBootstrapper    - *** Star register View Model and Controller ***
INFO  2013-07-30 14:09:23,512 [33] AutofacBootstrapper    - --- Register AccountController
INFO  2013-07-30 14:09:23,515 [33] AutofacBootstrapper    - --- Register HomeController
INFO  2013-07-30 14:09:23,515 [33] AutofacBootstrapper    - --- Register HomeVMBuilder
INFO  2013-07-30 14:09:23,516 [33] AutofacBootstrapper    - --- Register HomeVMPersistence
INFO  2013-07-30 14:09:23,516 [33] AutofacBootstrapper    - *** Register View Model and Controller was completed ***
INFO  2013-07-30 14:09:23,539 [33] AutofacBootstrapper    - /******** Application started sucessfully *********/
INFO  2013-07-30 14:10:09,051 [30] AutofacBootstrapper    - /******** Application starts *********/
INFO  2013-07-30 14:10:09,066 [30] AutofacBootstrapper    - *** Star register services ***
INFO  2013-07-30 14:10:09,081 [30] AutofacBootstrapper    - *** Register services was completed ***
INFO  2013-07-30 14:10:09,082 [30] AutofacBootstrapper    - *** Star register View Model and Controller ***
INFO  2013-07-30 14:10:09,083 [30] AutofacBootstrapper    - --- Register AccountController
INFO  2013-07-30 14:10:09,086 [30] AutofacBootstrapper    - --- Register HomeController
INFO  2013-07-30 14:10:09,086 [30] AutofacBootstrapper    - --- Register HomeVMBuilder
INFO  2013-07-30 14:10:09,087 [30] AutofacBootstrapper    - --- Register HomeVMPersistence
INFO  2013-07-30 14:10:09,087 [30] AutofacBootstrapper    - *** Register View Model and Controller was completed ***
INFO  2013-07-30 14:10:09,109 [30] AutofacBootstrapper    - /******** Application started sucessfully *********/
INFO  2013-07-30 14:10:09,431 [30] stleLogCallInterceptor - Start call service method: IAccountService.GetAllAccountInfo
INFO  2013-07-30 14:10:10,579 [30] stleLogCallInterceptor - End call service method: IAccountService.GetAllAccountInfo. It takes: 1147 millisecond
INFO  2013-07-30 14:18:15,600 [28] AutofacBootstrapper    - /******** Application starts *********/
INFO  2013-07-30 14:18:15,614 [28] AutofacBootstrapper    - *** Star register services ***
INFO  2013-07-30 14:18:15,627 [28] AutofacBootstrapper    - *** Register services was completed ***
INFO  2013-07-30 14:18:15,630 [28] AutofacBootstrapper    - *** Star register View Model and Controller ***
INFO  2013-07-30 14:18:15,631 [28] AutofacBootstrapper    - --- Register AccountController
INFO  2013-07-30 14:18:15,634 [28] AutofacBootstrapper    - --- Register HomeController
INFO  2013-07-30 14:18:15,634 [28] AutofacBootstrapper    - --- Register HomeVMBuilder
INFO  2013-07-30 14:18:15,635 [28] AutofacBootstrapper    - --- Register HomeVMPersistence
INFO  2013-07-30 14:18:15,635 [28] AutofacBootstrapper    - *** Register View Model and Controller was completed ***
INFO  2013-07-30 14:18:15,657 [28] AutofacBootstrapper    - /******** Application started sucessfully *********/
INFO  2013-07-30 14:18:16,077 [28] stleLogCallInterceptor - Start call service method: IAccountService.GetAllAccountInfo
INFO  2013-07-30 14:18:16,289 [28] stleLogCallInterceptor - End call service method: IAccountService.GetAllAccountInfo. It takes: 211 millisecond
INFO  2013-07-30 14:18:31,288 [28] AutofacBootstrapper    - /******** Application starts *********/
INFO  2013-07-30 14:18:31,302 [28] AutofacBootstrapper    - *** Star register services ***
INFO  2013-07-30 14:18:31,315 [28] AutofacBootstrapper    - *** Register services was completed ***
INFO  2013-07-30 14:18:31,316 [28] AutofacBootstrapper    - *** Star register View Model and Controller ***
INFO  2013-07-30 14:18:31,318 [28] AutofacBootstrapper    - --- Register AccountController
INFO  2013-07-30 14:18:31,321 [28] AutofacBootstrapper    - --- Register HomeController
INFO  2013-07-30 14:18:31,321 [28] AutofacBootstrapper    - --- Register HomeVMBuilder
INFO  2013-07-30 14:18:31,322 [28] AutofacBootstrapper    - --- Register HomeVMPersistence
INFO  2013-07-30 14:18:31,322 [28] AutofacBootstrapper    - *** Register View Model and Controller was completed ***
INFO  2013-07-30 14:18:31,344 [28] AutofacBootstrapper    - /******** Application started sucessfully *********/
INFO  2013-08-01 17:05:18,381 [5] AutofacBootstrapper    - /******** Application starts *********/
INFO  2013-08-01 17:05:18,411 [5] AutofacBootstrapper    - *** Star register services ***
INFO  2013-08-01 17:05:18,501 [5] AutofacBootstrapper    - *** Register services was completed ***
INFO  2013-08-01 17:05:18,519 [5] AutofacBootstrapper    - *** Star register View Model and Controller ***
INFO  2013-08-01 17:05:18,530 [5] AutofacBootstrapper    - --- Register AccountController
INFO  2013-08-01 17:05:18,537 [5] AutofacBootstrapper    - --- Register HomeController
INFO  2013-08-01 17:05:18,537 [5] AutofacBootstrapper    - --- Register HomeVMBuilder
INFO  2013-08-01 17:05:18,538 [5] AutofacBootstrapper    - --- Register HomeVMPersistence
INFO  2013-08-01 17:05:18,541 [5] AutofacBootstrapper    - *** Register View Model and Controller was completed ***
INFO  2013-08-01 17:05:18,594 [5] AutofacBootstrapper    - /******** Application started sucessfully *********/
INFO  2013-08-01 17:09:23,794 [6] AutofacBootstrapper    - /******** Application starts *********/
INFO  2013-08-01 17:09:23,807 [6] AutofacBootstrapper    - *** Star register services ***
INFO  2013-08-01 17:09:23,820 [6] AutofacBootstrapper    - *** Register services was completed ***
INFO  2013-08-01 17:09:23,823 [6] AutofacBootstrapper    - *** Star register View Model and Controller ***
INFO  2013-08-01 17:09:23,824 [6] AutofacBootstrapper    - --- Register AccountController
INFO  2013-08-01 17:09:23,827 [6] AutofacBootstrapper    - --- Register HomeController
INFO  2013-08-01 17:09:23,827 [6] AutofacBootstrapper    - --- Register TestAuthorizeController
INFO  2013-08-01 17:09:23,827 [6] AutofacBootstrapper    - --- Register HomeVMBuilder
INFO  2013-08-01 17:09:23,828 [6] AutofacBootstrapper    - --- Register HomeVMPersistence
INFO  2013-08-01 17:09:23,828 [6] AutofacBootstrapper    - *** Register View Model and Controller was completed ***
INFO  2013-08-01 17:09:23,849 [6] AutofacBootstrapper    - /******** Application started sucessfully *********/
INFO  2013-08-01 17:09:24,223 [6] AswMvcLoggingFilter    - Start controller WebApp.Controllers.HomeController, action Index
INFO  2013-08-01 17:09:26,622 [6] stleLogCallInterceptor - Start call service method: IAccountService.GetAllAccountInfo
WARN  2013-08-01 17:09:28,713 [6] stleLogCallInterceptor - Process for service method [IAccountService.GetAllAccountInfo] take: [2090 ms], it is exceed 2s
INFO  2013-08-01 17:09:28,714 [6] stleLogCallInterceptor - End call service method: IAccountService.GetAllAccountInfo. It takes: 2090 millisecond
INFO  2013-08-01 17:09:29,072 [6] AswMvcLoggingFilter    - End controller WebApp.Controllers.HomeController, action Index. It takes: 849 millisecond
INFO  2013-08-01 17:10:01,828 [11] AswMvcLoggingFilter    - Start controller WebApp.Controllers.HomeController, action Index
INFO  2013-08-01 17:10:03,597 [11] stleLogCallInterceptor - Start call service method: IAccountService.GetAllAccountInfo
INFO  2013-08-01 17:10:03,620 [11] stleLogCallInterceptor - End call service method: IAccountService.GetAllAccountInfo. It takes: 22 millisecond
INFO  2013-08-01 17:10:03,620 [11] AswMvcLoggingFilter    - End controller WebApp.Controllers.HomeController, action Index. It takes: 792 millisecond
INFO  2013-08-01 17:10:14,820 [17] AswMvcLoggingFilter    - Start controller WebApp.Controllers.HomeController, action Index
INFO  2013-08-01 17:10:16,629 [17] stleLogCallInterceptor - Start call service method: IAccountService.GetAllAccountInfo
INFO  2013-08-01 17:10:16,637 [17] stleLogCallInterceptor - End call service method: IAccountService.GetAllAccountInfo. It takes: 8 millisecond
INFO  2013-08-01 17:10:16,638 [17] AswMvcLoggingFilter    - End controller WebApp.Controllers.HomeController, action Index. It takes: 818 millisecond
